# JRE version: OpenJDK Runtime Environment (8.0_202-b03) (build 1.8.0_202-release-1483-b03)
# Java VM: OpenJDK 64-Bit Server VM (25.202-b03 mixed mode windows-amd64 compressed oops)
Heap:
 PSYoungGen      total 207872K, used 189113K [0x00000000e0000000, 0x00000000eed00000, 0x0000000100000000)
  eden space 172544K, 98% used [0x00000000e0000000,0x00000000ea625338,0x00000000ea880000)
  from space 35328K, 53% used [0x00000000eca00000,0x00000000edc89110,0x00000000eec80000)
  to   space 34304K, 0% used [0x00000000ea880000,0x00000000ea880000,0x00000000eca00000)
 ParOldGen       total 229888K, used 71872K [0x00000000a0000000, 0x00000000ae080000, 0x00000000e0000000)
  object space 229888K, 31% used [0x00000000a0000000,0x00000000a46303e8,0x00000000ae080000)
 Metaspace       used 119870K, capacity 126394K, committed 126540K, reserved 1159168K
  class space    used 15454K, capacity 16649K, committed 16768K, reserved 1048576K
GC Heap History (10 events):
Event: 2541.624 GC heap before
{Heap before GC invocations=40 (full 4):
 PSYoungGen      total 170496K, used 152025K [0x00000000e0000000, 0x00000000ed180000, 0x0000000100000000)
  eden space 134144K, 100% used [0x00000000e0000000,0x00000000e8300000,0x00000000e8300000)
  from space 36352K, 49% used [0x00000000e8300000,0x00000000e9476788,0x00000000ea680000)
  to   space 35328K, 0% used [0x00000000eaf00000,0x00000000eaf00000,0x00000000ed180000)
 ParOldGen       total 229888K, used 71832K [0x00000000a0000000, 0x00000000ae080000, 0x00000000e0000000)
  object space 229888K, 31% used [0x00000000a0000000,0x00000000a46263e8,0x00000000ae080000)
 Metaspace       used 112562K, capacity 118892K, committed 119244K, reserved 1153024K
  class space    used 14569K, capacity 15730K, committed 15872K, reserved 1048576K
Event: 2541.668 GC heap after
Heap after GC invocations=40 (full 4):
 PSYoungGen      total 178176K, used 23176K [0x00000000e0000000, 0x00000000ed400000, 0x0000000100000000)
  eden space 142848K, 0% used [0x00000000e0000000,0x00000000e0000000,0x00000000e8b80000)
  from space 35328K, 65% used [0x00000000eaf00000,0x00000000ec5a2000,0x00000000ed180000)
  to   space 36352K, 0% used [0x00000000e8b80000,0x00000000e8b80000,0x00000000eaf00000)
 ParOldGen       total 229888K, used 71840K [0x00000000a0000000, 0x00000000ae080000, 0x00000000e0000000)
  object space 229888K, 31% used [0x00000000a0000000,0x00000000a46283e8,0x00000000ae080000)
 Metaspace       used 112562K, capacity 118892K, committed 119244K, reserved 1153024K
  class space    used 14569K, capacity 15730K, committed 15872K, reserved 1048576K
}
Event: 2543.045 GC heap before
{Heap before GC invocations=41 (full 4):
 PSYoungGen      total 178176K, used 166024K [0x00000000e0000000, 0x00000000ed400000, 0x0000000100000000)
  eden space 142848K, 100% used [0x00000000e0000000,0x00000000e8b80000,0x00000000e8b80000)
  from space 35328K, 65% used [0x00000000eaf00000,0x00000000ec5a2000,0x00000000ed180000)
  to   space 36352K, 0% used [0x00000000e8b80000,0x00000000e8b80000,0x00000000eaf00000)
 ParOldGen       total 229888K, used 71840K [0x00000000a0000000, 0x00000000ae080000, 0x00000000e0000000)
  object space 229888K, 31% used [0x00000000a0000000,0x00000000a46283e8,0x00000000ae080000)
 Metaspace       used 112861K, capacity 119228K, committed 119500K, reserved 1153024K
  class space    used 14586K, capacity 15740K, committed 15872K, reserved 1048576K
Event: 2543.072 GC heap after
Heap after GC invocations=41 (full 4):
 PSYoungGen      total 179200K, used 20942K [0x00000000e0000000, 0x00000000ede80000, 0x0000000100000000)
  eden space 142848K, 0% used [0x00000000e0000000,0x00000000e0000000,0x00000000e8b80000)
  from space 36352K, 57% used [0x00000000e8b80000,0x00000000e9ff3a80,0x00000000eaf00000)
  to   space 35840K, 0% used [0x00000000ebb80000,0x00000000ebb80000,0x00000000ede80000)
 ParOldGen       total 229888K, used 71848K [0x00000000a0000000, 0x00000000ae080000, 0x00000000e0000000)
  object space 229888K, 31% used [0x00000000a0000000,0x00000000a462a3e8,0x00000000ae080000)
 Metaspace       used 112861K, capacity 119228K, committed 119500K, reserved 1153024K
  class space    used 14586K, capacity 15740K, committed 15872K, reserved 1048576K
}
Event: 2544.269 GC heap before
{Heap before GC invocations=42 (full 4):
 PSYoungGen      total 179200K, used 163790K [0x00000000e0000000, 0x00000000ede80000, 0x0000000100000000)
  eden space 142848K, 100% used [0x00000000e0000000,0x00000000e8b80000,0x00000000e8b80000)
  from space 36352K, 57% used [0x00000000e8b80000,0x00000000e9ff3a80,0x00000000eaf00000)
  to   space 35840K, 0% used [0x00000000ebb80000,0x00000000ebb80000,0x00000000ede80000)
 ParOldGen       total 229888K, used 71848K [0x00000000a0000000, 0x00000000ae080000, 0x00000000e0000000)
  object space 229888K, 31% used [0x00000000a0000000,0x00000000a462a3e8,0x00000000ae080000)
 Metaspace       used 113086K, capacity 119506K, committed 119756K, reserved 1153024K
  class space    used 14596K, capacity 15741K, committed 15872K, reserved 1048576K
Event: 2544.296 GC heap after
Heap after GC invocations=42 (full 4):
 PSYoungGen      total 192512K, used 19386K [0x00000000e0000000, 0x00000000edf80000, 0x0000000100000000)
  eden space 156672K, 0% used [0x00000000e0000000,0x00000000e0000000,0x00000000e9900000)
  from space 35840K, 54% used [0x00000000ebb80000,0x00000000ece6e878,0x00000000ede80000)
  to   space 35328K, 0% used [0x00000000e9900000,0x00000000e9900000,0x00000000ebb80000)
 ParOldGen       total 229888K, used 71856K [0x00000000a0000000, 0x00000000ae080000, 0x00000000e0000000)
  object space 229888K, 31% used [0x00000000a0000000,0x00000000a462c3e8,0x00000000ae080000)
 Metaspace       used 113086K, capacity 119506K, committed 119756K, reserved 1153024K
  class space    used 14596K, capacity 15741K, committed 15872K, reserved 1048576K
}
Event: 2569.167 GC heap before
{Heap before GC invocations=43 (full 4):
 PSYoungGen      total 192512K, used 176058K [0x00000000e0000000, 0x00000000edf80000, 0x0000000100000000)
  eden space 156672K, 100% used [0x00000000e0000000,0x00000000e9900000,0x00000000e9900000)
  from space 35840K, 54% used [0x00000000ebb80000,0x00000000ece6e878,0x00000000ede80000)
  to   space 35328K, 0% used [0x00000000e9900000,0x00000000e9900000,0x00000000ebb80000)
 ParOldGen       total 229888K, used 71856K [0x00000000a0000000, 0x00000000ae080000, 0x00000000e0000000)
  object space 229888K, 31% used [0x00000000a0000000,0x00000000a462c3e8,0x00000000ae080000)
 Metaspace       used 115077K, capacity 121562K, committed 121804K, reserved 1155072K
  class space    used 14881K, capacity 16071K, committed 16128K, reserved 1048576K
Event: 2569.201 GC heap after
Heap after GC invocations=43 (full 4):
 PSYoungGen      total 192000K, used 21962K [0x00000000e0000000, 0x00000000eec80000, 0x0000000100000000)
  eden space 156672K, 0% used [0x00000000e0000000,0x00000000e0000000,0x00000000e9900000)
  from space 35328K, 62% used [0x00000000e9900000,0x00000000eae72b18,0x00000000ebb80000)
  to   space 35328K, 0% used [0x00000000eca00000,0x00000000eca00000,0x00000000eec80000)
 ParOldGen       total 229888K, used 71864K [0x00000000a0000000, 0x00000000ae080000, 0x00000000e0000000)
  object space 229888K, 31% used [0x00000000a0000000,0x00000000a462e3e8,0x00000000ae080000)
 Metaspace       used 115077K, capacity 121562K, committed 121804K, reserved 1155072K
  class space    used 14881K, capacity 16071K, committed 16128K, reserved 1048576K
}
Event: 2570.453 GC heap before
{Heap before GC invocations=44 (full 4):
 PSYoungGen      total 192000K, used 178634K [0x00000000e0000000, 0x00000000eec80000, 0x0000000100000000)
  eden space 156672K, 100% used [0x00000000e0000000,0x00000000e9900000,0x00000000e9900000)
  from space 35328K, 62% used [0x00000000e9900000,0x00000000eae72b18,0x00000000ebb80000)
  to   space 35328K, 0% used [0x00000000eca00000,0x00000000eca00000,0x00000000eec80000)
 ParOldGen       total 229888K, used 71864K [0x00000000a0000000, 0x00000000ae080000, 0x00000000e0000000)
  object space 229888K, 31% used [0x00000000a0000000,0x00000000a462e3e8,0x00000000ae080000)
 Metaspace       used 115266K, capacity 121786K, committed 122060K, reserved 1155072K
  class space    used 14889K, capacity 16073K, committed 16128K, reserved 1048576K
Event: 2570.486 GC heap after
Heap after GC invocations=44 (full 4):
 PSYoungGen      total 207872K, used 18980K [0x00000000e0000000, 0x00000000eed00000, 0x0000000100000000)
  eden space 172544K, 0% used [0x00000000e0000000,0x00000000e0000000,0x00000000ea880000)
  from space 35328K, 53% used [0x00000000eca00000,0x00000000edc89110,0x00000000eec80000)
  to   space 34304K, 0% used [0x00000000ea880000,0x00000000ea880000,0x00000000eca00000)
 ParOldGen       total 229888K, used 71872K [0x00000000a0000000, 0x00000000ae080000, 0x00000000e0000000)
  object space 229888K, 31% used [0x00000000a0000000,0x00000000a46303e8,0x00000000ae080000)
 Metaspace       used 115266K, capacity 121786K, committed 122060K, reserved 1155072K
  class space    used 14889K, capacity 16073K, committed 16128K, reserved 1048576K
}

